0 info it worked if it ends with ok
1 verbose cli [ '/usr/local/bin/node',
1 verbose cli   '/usr/local/bin/npm',
1 verbose cli   'install',
1 verbose cli   '-g',
1 verbose cli   'telnet-client' ]
2 info using npm@2.14.7
3 info using node@v4.2.1
4 verbose install initial load of /usr/local/lib/package.json
5 verbose readDependencies loading dependencies from /usr/local/lib/package.json
6 silly cache add args [ 'telnet-client', null ]
7 verbose cache add spec telnet-client
8 silly cache add parsed spec Result {
8 silly cache add   raw: 'telnet-client',
8 silly cache add   scope: null,
8 silly cache add   name: 'telnet-client',
8 silly cache add   rawSpec: '',
8 silly cache add   spec: '*',
8 silly cache add   type: 'range' }
9 silly addNamed telnet-client@*
10 verbose addNamed "*" is a valid semver range for telnet-client
11 silly addNameRange { name: 'telnet-client', range: '*', hasData: false }
12 silly mapToRegistry name telnet-client
13 silly mapToRegistry using default registry
14 silly mapToRegistry registry https://registry.npmjs.org/
15 silly mapToRegistry uri https://registry.npmjs.org/telnet-client
16 verbose addNameRange registry:https://registry.npmjs.org/telnet-client not in flight; fetching
17 verbose request uri https://registry.npmjs.org/telnet-client
18 verbose request no auth needed
19 info attempt registry request try #1 at 9:56:34 PM
20 verbose request id 5eb29b4d8b02407a
21 verbose etag "CETX3UOUQWYLQSSFQRMA1LFNK"
22 http request GET https://registry.npmjs.org/telnet-client
23 http 304 https://registry.npmjs.org/telnet-client
24 verbose headers { date: 'Thu, 29 Oct 2015 04:56:34 GMT',
24 verbose headers   via: '1.1 varnish',
24 verbose headers   'cache-control': 'max-age=60',
24 verbose headers   etag: '"CETX3UOUQWYLQSSFQRMA1LFNK"',
24 verbose headers   age: '18',
24 verbose headers   connection: 'keep-alive',
24 verbose headers   'x-served-by': 'cache-sjc3134-SJC',
24 verbose headers   'x-cache': 'HIT',
24 verbose headers   'x-cache-hits': '1',
24 verbose headers   'x-timer': 'S1446094594.842617,VS0,VE0',
24 verbose headers   vary: 'Accept' }
25 silly get cb [ 304,
25 silly get   { date: 'Thu, 29 Oct 2015 04:56:34 GMT',
25 silly get     via: '1.1 varnish',
25 silly get     'cache-control': 'max-age=60',
25 silly get     etag: '"CETX3UOUQWYLQSSFQRMA1LFNK"',
25 silly get     age: '18',
25 silly get     connection: 'keep-alive',
25 silly get     'x-served-by': 'cache-sjc3134-SJC',
25 silly get     'x-cache': 'HIT',
25 silly get     'x-cache-hits': '1',
25 silly get     'x-timer': 'S1446094594.842617,VS0,VE0',
25 silly get     vary: 'Accept' } ]
26 verbose etag https://registry.npmjs.org/telnet-client from cache
27 verbose get saving telnet-client to /Users/ydylan/.npm/registry.npmjs.org/telnet-client/.cache.json
28 silly addNameRange number 2 { name: 'telnet-client', range: '*', hasData: true }
29 silly addNameRange versions [ 'telnet-client',
29 silly addNameRange   [ '0.0.1',
29 silly addNameRange     '0.0.2',
29 silly addNameRange     '0.0.3',
29 silly addNameRange     '0.0.4',
29 silly addNameRange     '0.0.5',
29 silly addNameRange     '0.0.6',
29 silly addNameRange     '0.0.7',
29 silly addNameRange     '0.0.8',
29 silly addNameRange     '0.1.0',
29 silly addNameRange     '0.1.1',
29 silly addNameRange     '0.2.0',
29 silly addNameRange     '0.2.1' ] ]
30 silly addNamed telnet-client@0.2.1
31 verbose addNamed "0.2.1" is a plain semver version for telnet-client
32 silly cache afterAdd telnet-client@0.2.1
33 verbose afterAdd /Users/ydylan/.npm/telnet-client/0.2.1/package/package.json not in flight; writing
34 verbose afterAdd /Users/ydylan/.npm/telnet-client/0.2.1/package/package.json written
35 silly install resolved [ { name: 'telnet-client',
35 silly install resolved     description: 'Simple node.js telnet client',
35 silly install resolved     author: { name: 'Mario Kozjak', email: 'kozjakm1@gmail.com' },
35 silly install resolved     version: '0.2.1',
35 silly install resolved     main: './lib/telnet-client.js',
35 silly install resolved     engine: 'node >= 0.10.23',
35 silly install resolved     license: 'MIT',
35 silly install resolved     devDependencies:
35 silly install resolved      { coveralls: '^2.11.x',
35 silly install resolved        jscoverage: '^0.6.x',
35 silly install resolved        nodeunit: '>= 0.9.x' },
35 silly install resolved     scripts:
35 silly install resolved      { test: 'nodeunit test',
35 silly install resolved        coveralls: 'jscoverage lib && NODETELNETCLIENT_COV=1 nodeunit --reporter=lcov test | coveralls' },
35 silly install resolved     repository:
35 silly install resolved      { type: 'git',
35 silly install resolved        url: 'git+ssh://git@github.com/mkozjak/node-telnet-client.git' },
35 silly install resolved     contributors: [ [Object] ],
35 silly install resolved     gitHead: 'c1b07e32ef36ae9cc51619a0d5374b0adac47b8a',
35 silly install resolved     bugs: { url: 'https://github.com/mkozjak/node-telnet-client/issues' },
35 silly install resolved     homepage: 'https://github.com/mkozjak/node-telnet-client#readme',
35 silly install resolved     _id: 'telnet-client@0.2.1',
35 silly install resolved     _shasum: '9914e580d982b33627e894a5f3ee427b9ebb67b5',
35 silly install resolved     _from: 'telnet-client@*',
35 silly install resolved     _npmVersion: '2.14.4',
35 silly install resolved     _nodeVersion: '4.1.1',
35 silly install resolved     _npmUser: { name: 'mkozjak', email: 'kozjakm1@gmail.com' },
35 silly install resolved     dist:
35 silly install resolved      { shasum: '9914e580d982b33627e894a5f3ee427b9ebb67b5',
35 silly install resolved        tarball: 'http://registry.npmjs.org/telnet-client/-/telnet-client-0.2.1.tgz' },
35 silly install resolved     maintainers: [ [Object] ],
35 silly install resolved     directories: {},
35 silly install resolved     _resolved: 'https://registry.npmjs.org/telnet-client/-/telnet-client-0.2.1.tgz',
35 silly install resolved     readme: 'ERROR: No README data found!' } ]
36 info install telnet-client@0.2.1 into /usr/local/lib
37 info installOne telnet-client@0.2.1
38 verbose installOne of telnet-client to /usr/local/lib not in flight; installing
39 verbose lock using /Users/ydylan/.npm/_locks/telnet-client-ee287cd6759f7ba9.lock for /usr/local/lib/node_modules/telnet-client
40 silly install write writing telnet-client 0.2.1 to /usr/local/lib/node_modules/telnet-client
41 verbose unbuild lib/node_modules/telnet-client
42 silly gentlyRm /usr/local/lib/node_modules/telnet-client is being purged from base /usr/local
43 verbose gentlyRm don't care about contents; nuking /usr/local/lib/node_modules/telnet-client
44 verbose tar unpack /Users/ydylan/.npm/telnet-client/0.2.1/package.tgz
45 verbose tar unpacking to /usr/local/lib/node_modules/telnet-client
46 silly gentlyRm /usr/local/lib/node_modules/telnet-client is being purged
47 verbose gentlyRm don't care about contents; nuking /usr/local/lib/node_modules/telnet-client
48 silly gunzTarPerm modes [ '755', '644' ]
49 error tar.unpack untar error /Users/ydylan/.npm/telnet-client/0.2.1/package.tgz
50 verbose unlock done using /Users/ydylan/.npm/_locks/telnet-client-ee287cd6759f7ba9.lock for /usr/local/lib/node_modules/telnet-client
51 verbose fstream_path /usr/local/lib/node_modules/telnet-client
52 verbose fstream_type Directory
53 verbose fstream_class DirWriter
54 verbose stack Error: EACCES: permission denied, mkdir '/usr/local/lib/node_modules/telnet-client'
54 verbose stack     at Error (native)
55 verbose fstream_stack /usr/local/lib/node_modules/npm/node_modules/fstream/lib/dir-writer.js:35:25
55 verbose fstream_stack /usr/local/lib/node_modules/npm/node_modules/mkdirp/index.js:47:53
55 verbose fstream_stack FSReqWrap.oncomplete (fs.js:82:15)
56 verbose cwd /Users/ydylan/Documents/NodejsProjects/NodeTheRightWayProjects/networking
57 error Darwin 15.0.0
58 error argv "/usr/local/bin/node" "/usr/local/bin/npm" "install" "-g" "telnet-client"
59 error node v4.2.1
60 error npm  v2.14.7
61 error path /usr/local/lib/node_modules/telnet-client
62 error code EACCES
63 error errno -13
64 error syscall mkdir
65 error Error: EACCES: permission denied, mkdir '/usr/local/lib/node_modules/telnet-client'
65 error     at Error (native)
65 error  { [Error: EACCES: permission denied, mkdir '/usr/local/lib/node_modules/telnet-client']
65 error   errno: -13,
65 error   code: 'EACCES',
65 error   syscall: 'mkdir',
65 error   path: '/usr/local/lib/node_modules/telnet-client',
65 error   fstream_type: 'Directory',
65 error   fstream_path: '/usr/local/lib/node_modules/telnet-client',
65 error   fstream_class: 'DirWriter',
65 error   fstream_stack:
65 error    [ '/usr/local/lib/node_modules/npm/node_modules/fstream/lib/dir-writer.js:35:25',
65 error      '/usr/local/lib/node_modules/npm/node_modules/mkdirp/index.js:47:53',
65 error      'FSReqWrap.oncomplete (fs.js:82:15)' ] }
66 error Please try running this command again as root/Administrator.
67 verbose exit [ -13, true ]
68 verbose unbuild lib/node_modules/telnet-client
69 silly gentlyRm /usr/local/lib/node_modules/telnet-client is being purged from base /usr/local
70 verbose gentlyRm don't care about contents; nuking /usr/local/lib/node_modules/telnet-client
